{"C:\\Dev\\Projects\\Volcany\\clusteringjs\\src\\clusteringjs\\test\\kmeans.js":{"path":"C:\\Dev\\Projects\\Volcany\\clusteringjs\\src\\clusteringjs\\test\\kmeans.js","s":{"1":1,"2":1,"3":1,"4":1,"5":1,"6":1,"7":1,"8":1,"9":50,"10":50,"11":50,"12":50,"13":1,"14":1,"15":0,"16":0,"17":0,"18":0,"19":0,"20":0,"21":0,"22":0,"23":0,"24":0,"25":0,"26":0,"27":0,"28":0,"29":0,"30":0,"31":0,"32":0,"33":0,"34":0,"35":0,"36":0,"37":0,"38":0,"39":0,"40":0,"41":0,"42":0,"43":0,"44":0,"45":0,"46":0,"47":0,"48":0,"49":0,"50":0,"51":0,"52":0,"53":0,"54":0,"55":0,"56":0,"57":0,"58":0,"59":0,"60":0,"61":0,"62":0,"63":0,"64":0,"65":0,"66":0,"67":0,"68":0},"b":{},"f":{"1":0,"2":0,"3":0,"4":0,"5":0,"6":0,"7":0,"8":0,"9":0,"10":0,"11":0,"12":0,"13":0,"14":0,"15":0,"16":0,"17":0,"18":0,"19":0,"20":0,"21":0,"22":0,"23":0},"fnMap":{"1":{"name":"(anonymous_1)","line":21,"loc":{"start":{"line":21,"column":19},"end":{"line":21,"column":29}}},"2":{"name":"(anonymous_2)","line":22,"loc":{"start":{"line":22,"column":39},"end":{"line":22,"column":49}}},"3":{"name":"(anonymous_3)","line":23,"loc":{"start":{"line":23,"column":38},"end":{"line":23,"column":48}}},"4":{"name":"(anonymous_4)","line":28,"loc":{"start":{"line":28,"column":39},"end":{"line":28,"column":49}}},"5":{"name":"(anonymous_5)","line":29,"loc":{"start":{"line":29,"column":30},"end":{"line":29,"column":40}}},"6":{"name":"(anonymous_6)","line":30,"loc":{"start":{"line":30,"column":4},"end":{"line":30,"column":15}}},"7":{"name":"(anonymous_7)","line":38,"loc":{"start":{"line":38,"column":39},"end":{"line":38,"column":49}}},"8":{"name":"(anonymous_8)","line":39,"loc":{"start":{"line":39,"column":30},"end":{"line":39,"column":40}}},"9":{"name":"(anonymous_9)","line":40,"loc":{"start":{"line":40,"column":4},"end":{"line":40,"column":15}}},"10":{"name":"(anonymous_10)","line":46,"loc":{"start":{"line":46,"column":40},"end":{"line":46,"column":50}}},"11":{"name":"(anonymous_11)","line":47,"loc":{"start":{"line":47,"column":45},"end":{"line":47,"column":55}}},"12":{"name":"(anonymous_12)","line":54,"loc":{"start":{"line":54,"column":40},"end":{"line":54,"column":50}}},"13":{"name":"(anonymous_13)","line":55,"loc":{"start":{"line":55,"column":30},"end":{"line":55,"column":40}}},"14":{"name":"(anonymous_14)","line":56,"loc":{"start":{"line":56,"column":4},"end":{"line":56,"column":15}}},"15":{"name":"(anonymous_15)","line":62,"loc":{"start":{"line":62,"column":40},"end":{"line":62,"column":50}}},"16":{"name":"(anonymous_16)","line":63,"loc":{"start":{"line":63,"column":30},"end":{"line":63,"column":40}}},"17":{"name":"(anonymous_17)","line":64,"loc":{"start":{"line":64,"column":4},"end":{"line":64,"column":15}}},"18":{"name":"(anonymous_18)","line":73,"loc":{"start":{"line":73,"column":31},"end":{"line":73,"column":41}}},"19":{"name":"(anonymous_19)","line":74,"loc":{"start":{"line":74,"column":33},"end":{"line":74,"column":43}}},"20":{"name":"(anonymous_20)","line":79,"loc":{"start":{"line":79,"column":27},"end":{"line":79,"column":37}}},"21":{"name":"(anonymous_21)","line":80,"loc":{"start":{"line":80,"column":35},"end":{"line":80,"column":45}}},"22":{"name":"(anonymous_22)","line":94,"loc":{"start":{"line":94,"column":28},"end":{"line":94,"column":38}}},"23":{"name":"(anonymous_23)","line":95,"loc":{"start":{"line":95,"column":63},"end":{"line":95,"column":73}}}},"statementMap":{"1":{"start":{"line":1,"column":0},"end":{"line":1,"column":40}},"2":{"start":{"line":2,"column":0},"end":{"line":2,"column":31}},"3":{"start":{"line":3,"column":0},"end":{"line":3,"column":31}},"4":{"start":{"line":5,"column":0},"end":{"line":5,"column":10}},"5":{"start":{"line":6,"column":0},"end":{"line":6,"column":12}},"6":{"start":{"line":7,"column":0},"end":{"line":7,"column":19}},"7":{"start":{"line":8,"column":0},"end":{"line":8,"column":24}},"8":{"start":{"line":10,"column":0},"end":{"line":17,"column":1}},"9":{"start":{"line":11,"column":1},"end":{"line":11,"column":46}},"10":{"start":{"line":13,"column":1},"end":{"line":13,"column":41}},"11":{"start":{"line":14,"column":1},"end":{"line":14,"column":41}},"12":{"start":{"line":16,"column":1},"end":{"line":16,"column":20}},"13":{"start":{"line":19,"column":0},"end":{"line":19,"column":41}},"14":{"start":{"line":21,"column":0},"end":{"line":114,"column":3}},"15":{"start":{"line":22,"column":1},"end":{"line":26,"column":4}},"16":{"start":{"line":23,"column":2},"end":{"line":25,"column":5}},"17":{"start":{"line":24,"column":4},"end":{"line":24,"column":26}},"18":{"start":{"line":28,"column":1},"end":{"line":36,"column":4}},"19":{"start":{"line":29,"column":2},"end":{"line":35,"column":5}},"20":{"start":{"line":30,"column":3},"end":{"line":34,"column":21}},"21":{"start":{"line":31,"column":4},"end":{"line":31,"column":47}},"22":{"start":{"line":33,"column":4},"end":{"line":33,"column":32}},"23":{"start":{"line":38,"column":1},"end":{"line":44,"column":4}},"24":{"start":{"line":39,"column":2},"end":{"line":43,"column":5}},"25":{"start":{"line":40,"column":3},"end":{"line":42,"column":21}},"26":{"start":{"line":41,"column":4},"end":{"line":41,"column":21}},"27":{"start":{"line":46,"column":1},"end":{"line":52,"column":4}},"28":{"start":{"line":47,"column":2},"end":{"line":51,"column":5}},"29":{"start":{"line":48,"column":3},"end":{"line":48,"column":49}},"30":{"start":{"line":49,"column":3},"end":{"line":49,"column":39}},"31":{"start":{"line":50,"column":3},"end":{"line":50,"column":38}},"32":{"start":{"line":54,"column":1},"end":{"line":60,"column":4}},"33":{"start":{"line":55,"column":2},"end":{"line":59,"column":5}},"34":{"start":{"line":56,"column":3},"end":{"line":58,"column":21}},"35":{"start":{"line":57,"column":4},"end":{"line":57,"column":22}},"36":{"start":{"line":62,"column":1},"end":{"line":70,"column":4}},"37":{"start":{"line":63,"column":2},"end":{"line":69,"column":5}},"38":{"start":{"line":64,"column":3},"end":{"line":68,"column":21}},"39":{"start":{"line":65,"column":4},"end":{"line":65,"column":57}},"40":{"start":{"line":67,"column":4},"end":{"line":67,"column":42}},"41":{"start":{"line":73,"column":4},"end":{"line":77,"column":4}},"42":{"start":{"line":74,"column":2},"end":{"line":76,"column":5}},"43":{"start":{"line":75,"column":3},"end":{"line":75,"column":54}},"44":{"start":{"line":79,"column":4},"end":{"line":92,"column":4}},"45":{"start":{"line":80,"column":2},"end":{"line":91,"column":5}},"46":{"start":{"line":81,"column":4},"end":{"line":81,"column":44}},"47":{"start":{"line":83,"column":4},"end":{"line":83,"column":34}},"48":{"start":{"line":84,"column":4},"end":{"line":84,"column":36}},"49":{"start":{"line":85,"column":4},"end":{"line":85,"column":34}},"50":{"start":{"line":86,"column":4},"end":{"line":86,"column":41}},"51":{"start":{"line":87,"column":4},"end":{"line":87,"column":42}},"52":{"start":{"line":88,"column":4},"end":{"line":88,"column":49}},"53":{"start":{"line":89,"column":4},"end":{"line":89,"column":48}},"54":{"start":{"line":90,"column":4},"end":{"line":90,"column":41}},"55":{"start":{"line":94,"column":4},"end":{"line":112,"column":4}},"56":{"start":{"line":95,"column":2},"end":{"line":111,"column":5}},"57":{"start":{"line":96,"column":4},"end":{"line":96,"column":44}},"58":{"start":{"line":97,"column":4},"end":{"line":97,"column":44}},"59":{"start":{"line":99,"column":4},"end":{"line":99,"column":41}},"60":{"start":{"line":101,"column":4},"end":{"line":101,"column":50}},"61":{"start":{"line":103,"column":4},"end":{"line":103,"column":42}},"62":{"start":{"line":104,"column":4},"end":{"line":104,"column":50}},"63":{"start":{"line":105,"column":4},"end":{"line":105,"column":42}},"64":{"start":{"line":106,"column":4},"end":{"line":106,"column":50}},"65":{"start":{"line":107,"column":4},"end":{"line":107,"column":52}},"66":{"start":{"line":108,"column":4},"end":{"line":108,"column":72}},"67":{"start":{"line":109,"column":4},"end":{"line":109,"column":70}},"68":{"start":{"line":110,"column":4},"end":{"line":110,"column":44}}},"branchMap":{}}}